android/ijkplayer/ijkplayer-example/build/intermediates/manifest_merge_blame_file/all32Debug/manifest-merger-blame-all32-debug-report.txt
1<?xml version="1.0" encoding="utf-8"?>
2<manifest xmlns:android="http://schemas.android.com/apk/res/android"
3    package="tv.danmaku.ijk.media.example"
4    android:versionCode="800700"
5    android:versionName="0.8.7" >
6
7    <uses-sdk
7-->src\main\AndroidManifest.xml:5:5-47
8        android:minSdkVersion="21"
8-->src\main\AndroidManifest.xml:5:5-47
9        android:targetSdkVersion="29" />
9-->src\main\AndroidManifest.xml:5:15-44
10
11    <uses-permission android:name="android.permission.INTERNET" />
11-->src\main\AndroidManifest.xml:7:5-67
11-->src\main\AndroidManifest.xml:7:22-64
12    <uses-permission android:name="android.permission.WAKE_LOCK" />
12-->src\main\AndroidManifest.xml:8:5-68
12-->src\main\AndroidManifest.xml:8:22-65
13    <uses-permission android:name="android.permission.WRITE_EXTERNAL_STORAGE" />
13-->src\main\AndroidManifest.xml:9:5-81
13-->src\main\AndroidManifest.xml:9:22-78
14
15    <!-- for umeng -->
16    <uses-permission android:name="android.permission.ACCESS_NETWORK_STATE" />
16-->src\main\AndroidManifest.xml:12:5-79
16-->src\main\AndroidManifest.xml:12:22-76
17    <uses-permission android:name="android.permission.ACCESS_WIFI_STATE" />
17-->src\main\AndroidManifest.xml:13:5-76
17-->src\main\AndroidManifest.xml:13:22-73
18
19    <application
19-->src\main\AndroidManifest.xml:15:5-82:19
20        android:allowBackup="true"
20-->src\main\AndroidManifest.xml:16:9-35
21        android:appComponentFactory="android.support.v4.app.CoreComponentFactory"
21-->[com.android.support:support-compat:28.0.0] AndroidManifest.xml:22:18-91
22        android:debuggable="true"
23        android:icon="@mipmap/ic_launcher"
23-->src\main\AndroidManifest.xml:17:9-43
24        android:label="@string/app_name"
24-->src\main\AndroidManifest.xml:18:9-41
25        android:supportsRtl="true"
25-->[:ijkplayer-exo] AndroidManifest.xml:12:9-35
26        android:testOnly="true"
27        android:theme="@style/AppTheme" >
27-->src\main\AndroidManifest.xml:19:9-40
28        <activity
28-->src\main\AndroidManifest.xml:20:9-31:20
29            android:name="tv.danmaku.ijk.media.example.activities.FileExplorerActivity"
29-->src\main\AndroidManifest.xml:21:13-88
30            android:configChanges="orientation|keyboardHidden|screenSize"
30-->src\main\AndroidManifest.xml:22:13-74
31            android:label="@string/app_name"
31-->src\main\AndroidManifest.xml:23:13-45
32            android:screenOrientation="user"
32-->src\main\AndroidManifest.xml:24:13-45
33            android:theme="@style/AppTheme" >
33-->src\main\AndroidManifest.xml:25:13-44
34            <intent-filter>
34-->src\main\AndroidManifest.xml:26:13-30:29
35                <action android:name="android.intent.action.MAIN" />
35-->src\main\AndroidManifest.xml:27:17-69
35-->src\main\AndroidManifest.xml:27:25-66
36
37                <category android:name="android.intent.category.LAUNCHER" />
37-->src\main\AndroidManifest.xml:29:17-77
37-->src\main\AndroidManifest.xml:29:27-74
38            </intent-filter>
39        </activity>
40        <activity
40-->src\main\AndroidManifest.xml:32:9-38:20
41            android:name="tv.danmaku.ijk.media.example.activities.SampleMediaActivity"
41-->src\main\AndroidManifest.xml:33:13-87
42            android:configChanges="orientation|keyboardHidden|screenSize"
42-->src\main\AndroidManifest.xml:34:13-74
43            android:label="@string/app_name"
43-->src\main\AndroidManifest.xml:35:13-45
44            android:screenOrientation="user"
44-->src\main\AndroidManifest.xml:36:13-45
45            android:theme="@style/AppTheme" >
45-->src\main\AndroidManifest.xml:37:13-44
46        </activity>
47        <activity
47-->src\main\AndroidManifest.xml:39:9-45:20
48            android:name="tv.danmaku.ijk.media.example.activities.RecentMediaActivity"
48-->src\main\AndroidManifest.xml:40:13-87
49            android:configChanges="orientation|keyboardHidden|screenSize"
49-->src\main\AndroidManifest.xml:41:13-74
50            android:label="@string/app_name"
50-->src\main\AndroidManifest.xml:42:13-45
51            android:screenOrientation="user"
51-->src\main\AndroidManifest.xml:43:13-45
52            android:theme="@style/AppTheme" >
52-->src\main\AndroidManifest.xml:44:13-44
53        </activity>
54        <activity
54-->src\main\AndroidManifest.xml:46:9-51:47
55            android:name="tv.danmaku.ijk.media.example.activities.SettingsActivity"
55-->src\main\AndroidManifest.xml:47:13-84
56            android:configChanges="orientation|keyboardHidden|screenSize"
56-->src\main\AndroidManifest.xml:48:13-74
57            android:label="@string/app_name"
57-->src\main\AndroidManifest.xml:49:13-45
58            android:screenOrientation="user"
58-->src\main\AndroidManifest.xml:50:13-45
59            android:theme="@style/AppTheme" />
59-->src\main\AndroidManifest.xml:51:13-44
60        <activity
60-->src\main\AndroidManifest.xml:52:9-73:20
61            android:name="tv.danmaku.ijk.media.example.activities.VideoActivity"
61-->src\main\AndroidManifest.xml:53:13-81
62            android:configChanges="orientation|keyboardHidden|screenSize"
62-->src\main\AndroidManifest.xml:54:13-74
63            android:label="@string/app_name"
63-->src\main\AndroidManifest.xml:55:13-45
64            android:screenOrientation="user"
64-->src\main\AndroidManifest.xml:56:13-45
65            android:theme="@style/FullscreenTheme" >
65-->src\main\AndroidManifest.xml:57:13-51
66            <intent-filter>
66-->src\main\AndroidManifest.xml:58:13-66:29
67                <action android:name="android.intent.action.VIEW" />
67-->src\main\AndroidManifest.xml:59:17-69
67-->src\main\AndroidManifest.xml:59:25-66
68
69                <category android:name="android.intent.category.DEFAULT" />
69-->src\main\AndroidManifest.xml:60:17-76
69-->src\main\AndroidManifest.xml:60:27-73
70
71                <data android:mimeType="video/*" />
71-->src\main\AndroidManifest.xml:62:17-52
71-->src\main\AndroidManifest.xml:62:23-49
72                <data android:mimeType="audio/*" />
72-->src\main\AndroidManifest.xml:62:17-52
72-->src\main\AndroidManifest.xml:62:23-49
73                <data android:scheme="http" />
73-->src\main\AndroidManifest.xml:62:17-52
73-->src\main\AndroidManifest.xml:64:23-44
74                <data android:scheme="file" />
74-->src\main\AndroidManifest.xml:62:17-52
74-->src\main\AndroidManifest.xml:64:23-44
75            </intent-filter>
76            <intent-filter>
76-->src\main\AndroidManifest.xml:67:13-72:29
77                <action android:name="android.intent.action.SEND" />
77-->src\main\AndroidManifest.xml:68:17-69
77-->src\main\AndroidManifest.xml:68:25-66
78
79                <category android:name="android.intent.category.DEFAULT" />
79-->src\main\AndroidManifest.xml:60:17-76
79-->src\main\AndroidManifest.xml:60:27-73
80
81                <data android:mimeType="video/*" />
81-->src\main\AndroidManifest.xml:62:17-52
81-->src\main\AndroidManifest.xml:62:23-49
82            </intent-filter>
83        </activity>
84
85        <service
85-->src\main\AndroidManifest.xml:75:9-81:19
86            android:name="tv.danmaku.ijk.media.example.services.MediaPlayerService"
86-->src\main\AndroidManifest.xml:76:13-84
87            android:enabled="false"
87-->src\main\AndroidManifest.xml:77:13-36
88            android:exported="false"
88-->src\main\AndroidManifest.xml:78:13-37
89            android:icon="@mipmap/ic_launcher"
89-->src\main\AndroidManifest.xml:79:13-47
90            android:label="@string/app_name" >
90-->src\main\AndroidManifest.xml:80:13-45
91        </service>
92    </application>
93
94</manifest>